2025-09-12 01:11:57 [restartedMain] INFO  com.zastra.zastra.ZastraApplication - Starting ZastraApplication using Java 25 with PID 3668 (C:\Users\Roy\IdeaProjects\Zastra\backend\target\classes started by Afriani in C:\Users\Roy\IdeaProjects\zastra)
2025-09-12 01:11:57 [restartedMain] INFO  com.zastra.zastra.ZastraApplication - The following 1 profile is active: "dev"
2025-09-12 01:11:57 [restartedMain] INFO  o.s.b.d.e.DevToolsPropertyDefaultsPostProcessor - Devtools property defaults active! Set 'spring.devtools.add-properties' to 'false' to disable
2025-09-12 01:11:57 [restartedMain] INFO  o.s.b.d.e.DevToolsPropertyDefaultsPostProcessor - For additional web related logging consider setting the 'logging.level.web' property to 'DEBUG'
2025-09-12 01:11:58 [restartedMain] INFO  o.s.d.r.c.RepositoryConfigurationDelegate - Bootstrapping Spring Data JPA repositories in DEFAULT mode.
2025-09-12 01:11:58 [restartedMain] INFO  o.s.d.r.c.RepositoryConfigurationDelegate - Finished Spring Data repository scanning in 34 ms. Found 1 JPA repository interface.
2025-09-12 01:11:59 [restartedMain] INFO  o.s.b.w.e.tomcat.TomcatWebServer - Tomcat initialized with port 8080 (http)
2025-09-12 01:11:59 [restartedMain] INFO  o.a.catalina.core.StandardService - Starting service [Tomcat]
2025-09-12 01:11:59 [restartedMain] INFO  o.a.catalina.core.StandardEngine - Starting Servlet engine: [Apache Tomcat/10.1.44]
2025-09-12 01:11:59 [restartedMain] INFO  o.a.c.c.C.[Tomcat].[localhost].[/] - Initializing Spring embedded WebApplicationContext
2025-09-12 01:11:59 [restartedMain] INFO  o.s.b.w.s.c.ServletWebServerApplicationContext - Root WebApplicationContext: initialization completed in 1629 ms
2025-09-12 01:11:59 [restartedMain] ERROR o.s.b.w.e.tomcat.TomcatStarter - Error starting Tomcat context. Exception: org.springframework.beans.factory.UnsatisfiedDependencyException. Message: Error creating bean with name 'jwtAuthenticationFilter' defined in file [C:\Users\Roy\IdeaProjects\Zastra\backend\target\classes\com\zastra\zastra\infra\security\JwtAuthenticationFilter.class]: Unsatisfied dependency expressed through constructor parameter 1: Error creating bean with name 'userDetailsServiceImpl' defined in file [C:\Users\Roy\IdeaProjects\Zastra\backend\target\classes\com\zastra\zastra\infra\service\impl\UserDetailsServiceImpl.class]: Unsatisfied dependency expressed through constructor parameter 0: No qualifying bean of type 'com.zastra.zastra.infra.repository.UserRepository' available: expected at least 1 bean which qualifies as autowire candidate. Dependency annotations: {}
2025-09-12 01:11:59 [restartedMain] INFO  o.a.catalina.core.StandardService - Stopping service [Tomcat]
2025-09-12 01:11:59 [restartedMain] WARN  o.s.b.w.s.c.AnnotationConfigServletWebServerApplicationContext - Exception encountered during context initialization - cancelling refresh attempt: org.springframework.context.ApplicationContextException: Unable to start web server
2025-09-12 01:11:59 [restartedMain] INFO  o.s.b.a.l.ConditionEvaluationReportLogger - 

Error starting ApplicationContext. To display the condition evaluation report re-run your application with 'debug' enabled.
2025-09-12 01:11:59 [restartedMain] ERROR o.s.b.d.LoggingFailureAnalysisReporter - 

***************************
APPLICATION FAILED TO START
***************************

Description:

Parameter 0 of constructor in com.zastra.zastra.infra.service.impl.UserDetailsServiceImpl required a bean of type 'com.zastra.zastra.infra.repository.UserRepository' that could not be found.


Action:

Consider defining a bean of type 'com.zastra.zastra.infra.repository.UserRepository' in your configuration.

2025-09-12 01:21:02 [restartedMain] INFO  com.zastra.zastra.ZastraApplication - Starting ZastraApplication using Java 25 with PID 28940 (C:\Users\Roy\IdeaProjects\Zastra\backend\target\classes started by Afriani in C:\Users\Roy\IdeaProjects\zastra)
2025-09-12 01:21:02 [restartedMain] INFO  com.zastra.zastra.ZastraApplication - The following 1 profile is active: "dev"
2025-09-12 01:21:02 [restartedMain] INFO  o.s.b.d.e.DevToolsPropertyDefaultsPostProcessor - Devtools property defaults active! Set 'spring.devtools.add-properties' to 'false' to disable
2025-09-12 01:21:02 [restartedMain] INFO  o.s.b.d.e.DevToolsPropertyDefaultsPostProcessor - For additional web related logging consider setting the 'logging.level.web' property to 'DEBUG'
2025-09-12 01:21:02 [restartedMain] INFO  o.s.d.r.c.RepositoryConfigurationDelegate - Bootstrapping Spring Data JPA repositories in DEFAULT mode.
2025-09-12 01:21:03 [restartedMain] INFO  o.s.d.r.c.RepositoryConfigurationDelegate - Finished Spring Data repository scanning in 31 ms. Found 1 JPA repository interface.
2025-09-12 01:21:03 [restartedMain] INFO  o.s.b.w.e.tomcat.TomcatWebServer - Tomcat initialized with port 8080 (http)
2025-09-12 01:21:03 [restartedMain] INFO  o.a.catalina.core.StandardService - Starting service [Tomcat]
2025-09-12 01:21:03 [restartedMain] INFO  o.a.catalina.core.StandardEngine - Starting Servlet engine: [Apache Tomcat/10.1.44]
2025-09-12 01:21:03 [restartedMain] INFO  o.a.c.c.C.[Tomcat].[localhost].[/] - Initializing Spring embedded WebApplicationContext
2025-09-12 01:21:03 [restartedMain] INFO  o.s.b.w.s.c.ServletWebServerApplicationContext - Root WebApplicationContext: initialization completed in 1385 ms
2025-09-12 01:21:03 [restartedMain] ERROR o.s.b.w.e.tomcat.TomcatStarter - Error starting Tomcat context. Exception: org.springframework.beans.factory.UnsatisfiedDependencyException. Message: Error creating bean with name 'jwtAuthenticationFilter' defined in file [C:\Users\Roy\IdeaProjects\Zastra\backend\target\classes\com\zastra\zastra\infra\security\JwtAuthenticationFilter.class]: Unsatisfied dependency expressed through constructor parameter 1: Error creating bean with name 'userDetailsServiceImpl' defined in file [C:\Users\Roy\IdeaProjects\Zastra\backend\target\classes\com\zastra\zastra\infra\service\impl\UserDetailsServiceImpl.class]: Unsatisfied dependency expressed through constructor parameter 0: No qualifying bean of type 'com.zastra.zastra.infra.repository.UserRepository' available: expected at least 1 bean which qualifies as autowire candidate. Dependency annotations: {}
2025-09-12 01:21:03 [restartedMain] INFO  o.a.catalina.core.StandardService - Stopping service [Tomcat]
2025-09-12 01:21:03 [restartedMain] WARN  o.s.b.w.s.c.AnnotationConfigServletWebServerApplicationContext - Exception encountered during context initialization - cancelling refresh attempt: org.springframework.context.ApplicationContextException: Unable to start web server
2025-09-12 01:21:03 [restartedMain] INFO  o.s.b.a.l.ConditionEvaluationReportLogger - 

Error starting ApplicationContext. To display the condition evaluation report re-run your application with 'debug' enabled.
2025-09-12 01:21:03 [restartedMain] ERROR o.s.b.d.LoggingFailureAnalysisReporter - 

***************************
APPLICATION FAILED TO START
***************************

Description:

Parameter 0 of constructor in com.zastra.zastra.infra.service.impl.UserDetailsServiceImpl required a bean of type 'com.zastra.zastra.infra.repository.UserRepository' that could not be found.


Action:

Consider defining a bean of type 'com.zastra.zastra.infra.repository.UserRepository' in your configuration.

2025-09-12 01:21:12 [restartedMain] INFO  com.zastra.zastra.ZastraApplication - Starting ZastraApplication using Java 25 with PID 30332 (C:\Users\Roy\IdeaProjects\Zastra\backend\target\classes started by Afriani in C:\Users\Roy\IdeaProjects\zastra)
2025-09-12 01:21:12 [restartedMain] INFO  com.zastra.zastra.ZastraApplication - The following 1 profile is active: "dev"
2025-09-12 01:21:12 [restartedMain] INFO  o.s.b.d.e.DevToolsPropertyDefaultsPostProcessor - Devtools property defaults active! Set 'spring.devtools.add-properties' to 'false' to disable
2025-09-12 01:21:12 [restartedMain] INFO  o.s.b.d.e.DevToolsPropertyDefaultsPostProcessor - For additional web related logging consider setting the 'logging.level.web' property to 'DEBUG'
2025-09-12 01:21:13 [restartedMain] INFO  o.s.d.r.c.RepositoryConfigurationDelegate - Bootstrapping Spring Data JPA repositories in DEFAULT mode.
2025-09-12 01:21:13 [restartedMain] INFO  o.s.d.r.c.RepositoryConfigurationDelegate - Finished Spring Data repository scanning in 32 ms. Found 1 JPA repository interface.
2025-09-12 01:21:14 [restartedMain] INFO  o.s.b.w.e.tomcat.TomcatWebServer - Tomcat initialized with port 8080 (http)
2025-09-12 01:21:14 [restartedMain] INFO  o.a.catalina.core.StandardService - Starting service [Tomcat]
2025-09-12 01:21:14 [restartedMain] INFO  o.a.catalina.core.StandardEngine - Starting Servlet engine: [Apache Tomcat/10.1.44]
2025-09-12 01:21:14 [restartedMain] INFO  o.a.c.c.C.[Tomcat].[localhost].[/] - Initializing Spring embedded WebApplicationContext
2025-09-12 01:21:14 [restartedMain] INFO  o.s.b.w.s.c.ServletWebServerApplicationContext - Root WebApplicationContext: initialization completed in 1560 ms
2025-09-12 01:21:14 [restartedMain] ERROR o.s.b.w.e.tomcat.TomcatStarter - Error starting Tomcat context. Exception: org.springframework.beans.factory.UnsatisfiedDependencyException. Message: Error creating bean with name 'jwtAuthenticationFilter' defined in file [C:\Users\Roy\IdeaProjects\Zastra\backend\target\classes\com\zastra\zastra\infra\security\JwtAuthenticationFilter.class]: Unsatisfied dependency expressed through constructor parameter 1: Error creating bean with name 'userDetailsServiceImpl' defined in file [C:\Users\Roy\IdeaProjects\Zastra\backend\target\classes\com\zastra\zastra\infra\service\impl\UserDetailsServiceImpl.class]: Unsatisfied dependency expressed through constructor parameter 0: No qualifying bean of type 'com.zastra.zastra.infra.repository.UserRepository' available: expected at least 1 bean which qualifies as autowire candidate. Dependency annotations: {}
2025-09-12 01:21:14 [restartedMain] INFO  o.a.catalina.core.StandardService - Stopping service [Tomcat]
2025-09-12 01:21:14 [restartedMain] WARN  o.s.b.w.s.c.AnnotationConfigServletWebServerApplicationContext - Exception encountered during context initialization - cancelling refresh attempt: org.springframework.context.ApplicationContextException: Unable to start web server
2025-09-12 01:21:14 [restartedMain] INFO  o.s.b.a.l.ConditionEvaluationReportLogger - 

Error starting ApplicationContext. To display the condition evaluation report re-run your application with 'debug' enabled.
2025-09-12 01:21:14 [restartedMain] ERROR o.s.b.d.LoggingFailureAnalysisReporter - 

***************************
APPLICATION FAILED TO START
***************************

Description:

Parameter 0 of constructor in com.zastra.zastra.infra.service.impl.UserDetailsServiceImpl required a bean of type 'com.zastra.zastra.infra.repository.UserRepository' that could not be found.


Action:

Consider defining a bean of type 'com.zastra.zastra.infra.repository.UserRepository' in your configuration.

2025-09-12 01:23:14 [restartedMain] INFO  com.zastra.zastra.ZastraApplication - Starting ZastraApplication using Java 25 with PID 34016 (C:\Users\Roy\IdeaProjects\Zastra\backend\target\classes started by Afriani in C:\Users\Roy\IdeaProjects\zastra)
2025-09-12 01:23:14 [restartedMain] INFO  com.zastra.zastra.ZastraApplication - The following 1 profile is active: "dev"
2025-09-12 01:23:14 [restartedMain] INFO  o.s.b.d.e.DevToolsPropertyDefaultsPostProcessor - Devtools property defaults active! Set 'spring.devtools.add-properties' to 'false' to disable
2025-09-12 01:23:14 [restartedMain] INFO  o.s.b.d.e.DevToolsPropertyDefaultsPostProcessor - For additional web related logging consider setting the 'logging.level.web' property to 'DEBUG'
2025-09-12 01:23:14 [restartedMain] INFO  o.s.d.r.c.RepositoryConfigurationDelegate - Bootstrapping Spring Data JPA repositories in DEFAULT mode.
2025-09-12 01:23:14 [restartedMain] INFO  o.s.d.r.c.RepositoryConfigurationDelegate - Finished Spring Data repository scanning in 27 ms. Found 1 JPA repository interface.
2025-09-12 01:23:14 [restartedMain] INFO  o.s.d.r.c.RepositoryConfigurationDelegate - Bootstrapping Spring Data JPA repositories in DEFAULT mode.
2025-09-12 01:23:14 [restartedMain] INFO  o.s.d.r.c.RepositoryConfigurationDelegate - Finished Spring Data repository scanning in 17 ms. Found 6 JPA repository interfaces.
2025-09-12 01:23:15 [restartedMain] INFO  o.s.b.w.e.tomcat.TomcatWebServer - Tomcat initialized with port 8080 (http)
2025-09-12 01:23:15 [restartedMain] INFO  o.a.catalina.core.StandardService - Starting service [Tomcat]
2025-09-12 01:23:15 [restartedMain] INFO  o.a.catalina.core.StandardEngine - Starting Servlet engine: [Apache Tomcat/10.1.44]
2025-09-12 01:23:15 [restartedMain] INFO  o.a.c.c.C.[Tomcat].[localhost].[/] - Initializing Spring embedded WebApplicationContext
2025-09-12 01:23:15 [restartedMain] INFO  o.s.b.w.s.c.ServletWebServerApplicationContext - Root WebApplicationContext: initialization completed in 1328 ms
2025-09-12 01:23:15 [restartedMain] ERROR o.s.b.w.e.tomcat.TomcatStarter - Error starting Tomcat context. Exception: org.springframework.beans.factory.UnsatisfiedDependencyException. Message: Error creating bean with name 'jwtAuthenticationFilter' defined in file [C:\Users\Roy\IdeaProjects\Zastra\backend\target\classes\com\zastra\zastra\infra\security\JwtAuthenticationFilter.class]: Unsatisfied dependency expressed through constructor parameter 1: Error creating bean with name 'userDetailsServiceImpl' defined in file [C:\Users\Roy\IdeaProjects\Zastra\backend\target\classes\com\zastra\zastra\infra\service\impl\UserDetailsServiceImpl.class]: Unsatisfied dependency expressed through constructor parameter 0: Error creating bean with name 'userRepository' defined in com.zastra.zastra.infra.repository.UserRepository defined in @EnableJpaRepositories declared on ZastraApplication: Cannot resolve reference to bean 'jpaSharedEM_entityManagerFactory' while setting bean property 'entityManager'
2025-09-12 01:23:15 [restartedMain] INFO  o.a.catalina.core.StandardService - Stopping service [Tomcat]
2025-09-12 01:23:15 [restartedMain] WARN  o.s.b.w.s.c.AnnotationConfigServletWebServerApplicationContext - Exception encountered during context initialization - cancelling refresh attempt: org.springframework.context.ApplicationContextException: Unable to start web server
2025-09-12 01:23:15 [restartedMain] INFO  o.s.b.a.l.ConditionEvaluationReportLogger - 

Error starting ApplicationContext. To display the condition evaluation report re-run your application with 'debug' enabled.
2025-09-12 01:23:15 [restartedMain] ERROR o.s.b.d.LoggingFailureAnalysisReporter - 

***************************
APPLICATION FAILED TO START
***************************

Description:

Parameter 0 of constructor in com.zastra.zastra.infra.service.impl.UserDetailsServiceImpl required a bean named 'entityManagerFactory' that could not be found.


Action:

Consider defining a bean named 'entityManagerFactory' in your configuration.

2025-09-12 01:25:13 [restartedMain] INFO  com.zastra.zastra.ZastraApplication - Starting ZastraApplication using Java 25 with PID 35116 (C:\Users\Roy\IdeaProjects\Zastra\backend\target\classes started by Afriani in C:\Users\Roy\IdeaProjects\zastra)
2025-09-12 01:25:13 [restartedMain] INFO  com.zastra.zastra.ZastraApplication - The following 1 profile is active: "dev"
2025-09-12 01:25:14 [restartedMain] INFO  o.s.b.d.e.DevToolsPropertyDefaultsPostProcessor - Devtools property defaults active! Set 'spring.devtools.add-properties' to 'false' to disable
2025-09-12 01:25:14 [restartedMain] INFO  o.s.b.d.e.DevToolsPropertyDefaultsPostProcessor - For additional web related logging consider setting the 'logging.level.web' property to 'DEBUG'
2025-09-12 01:25:14 [restartedMain] INFO  o.s.d.r.c.RepositoryConfigurationDelegate - Bootstrapping Spring Data JPA repositories in DEFAULT mode.
2025-09-12 01:25:14 [restartedMain] INFO  o.s.d.r.c.RepositoryConfigurationDelegate - Finished Spring Data repository scanning in 27 ms. Found 1 JPA repository interface.
2025-09-12 01:25:14 [restartedMain] INFO  o.s.d.r.c.RepositoryConfigurationDelegate - Bootstrapping Spring Data JPA repositories in DEFAULT mode.
2025-09-12 01:25:14 [restartedMain] INFO  o.s.d.r.c.RepositoryConfigurationDelegate - Finished Spring Data repository scanning in 17 ms. Found 6 JPA repository interfaces.
2025-09-12 01:25:15 [restartedMain] INFO  o.s.b.w.e.tomcat.TomcatWebServer - Tomcat initialized with port 8080 (http)
2025-09-12 01:25:15 [restartedMain] INFO  o.a.catalina.core.StandardService - Starting service [Tomcat]
2025-09-12 01:25:15 [restartedMain] INFO  o.a.catalina.core.StandardEngine - Starting Servlet engine: [Apache Tomcat/10.1.44]
2025-09-12 01:25:15 [restartedMain] INFO  o.a.c.c.C.[Tomcat].[localhost].[/] - Initializing Spring embedded WebApplicationContext
2025-09-12 01:25:15 [restartedMain] INFO  o.s.b.w.s.c.ServletWebServerApplicationContext - Root WebApplicationContext: initialization completed in 1303 ms
2025-09-12 01:25:15 [restartedMain] ERROR o.s.b.w.e.tomcat.TomcatStarter - Error starting Tomcat context. Exception: org.springframework.beans.factory.UnsatisfiedDependencyException. Message: Error creating bean with name 'jwtAuthenticationFilter' defined in file [C:\Users\Roy\IdeaProjects\Zastra\backend\target\classes\com\zastra\zastra\infra\security\JwtAuthenticationFilter.class]: Unsatisfied dependency expressed through constructor parameter 1: Error creating bean with name 'userDetailsServiceImpl' defined in file [C:\Users\Roy\IdeaProjects\Zastra\backend\target\classes\com\zastra\zastra\infra\service\impl\UserDetailsServiceImpl.class]: Unsatisfied dependency expressed through constructor parameter 0: Error creating bean with name 'userRepository' defined in com.zastra.zastra.infra.repository.UserRepository defined in @EnableJpaRepositories declared on ZastraApplication: Cannot resolve reference to bean 'jpaSharedEM_entityManagerFactory' while setting bean property 'entityManager'
2025-09-12 01:25:15 [restartedMain] INFO  o.a.catalina.core.StandardService - Stopping service [Tomcat]
2025-09-12 01:25:15 [restartedMain] WARN  o.s.b.w.s.c.AnnotationConfigServletWebServerApplicationContext - Exception encountered during context initialization - cancelling refresh attempt: org.springframework.context.ApplicationContextException: Unable to start web server
2025-09-12 01:25:15 [restartedMain] INFO  o.s.b.a.l.ConditionEvaluationReportLogger - 

Error starting ApplicationContext. To display the condition evaluation report re-run your application with 'debug' enabled.
2025-09-12 01:25:15 [restartedMain] ERROR o.s.b.d.LoggingFailureAnalysisReporter - 

***************************
APPLICATION FAILED TO START
***************************

Description:

Parameter 0 of constructor in com.zastra.zastra.infra.service.impl.UserDetailsServiceImpl required a bean named 'entityManagerFactory' that could not be found.


Action:

Consider defining a bean named 'entityManagerFactory' in your configuration.

2025-09-12 01:31:30 [restartedMain] INFO  com.zastra.zastra.ZastraApplication - Starting ZastraApplication using Java 25 with PID 35824 (C:\Users\Roy\IdeaProjects\Zastra\backend\target\classes started by Afriani in C:\Users\Roy\IdeaProjects\zastra)
2025-09-12 01:31:30 [restartedMain] INFO  com.zastra.zastra.ZastraApplication - The following 1 profile is active: "dev"
2025-09-12 01:31:30 [restartedMain] INFO  o.s.b.d.e.DevToolsPropertyDefaultsPostProcessor - Devtools property defaults active! Set 'spring.devtools.add-properties' to 'false' to disable
2025-09-12 01:31:30 [restartedMain] INFO  o.s.b.d.e.DevToolsPropertyDefaultsPostProcessor - For additional web related logging consider setting the 'logging.level.web' property to 'DEBUG'
2025-09-12 01:31:31 [restartedMain] INFO  o.s.d.r.c.RepositoryConfigurationDelegate - Bootstrapping Spring Data JPA repositories in DEFAULT mode.
2025-09-12 01:31:31 [restartedMain] INFO  o.s.d.r.c.RepositoryConfigurationDelegate - Finished Spring Data repository scanning in 32 ms. Found 1 JPA repository interface.
2025-09-12 01:31:31 [restartedMain] INFO  o.s.d.r.c.RepositoryConfigurationDelegate - Bootstrapping Spring Data JPA repositories in DEFAULT mode.
2025-09-12 01:31:31 [restartedMain] INFO  o.s.d.r.c.RepositoryConfigurationDelegate - Finished Spring Data repository scanning in 21 ms. Found 6 JPA repository interfaces.
2025-09-12 01:31:32 [restartedMain] INFO  o.s.b.w.e.tomcat.TomcatWebServer - Tomcat initialized with port 8080 (http)
2025-09-12 01:31:32 [restartedMain] INFO  o.a.catalina.core.StandardService - Starting service [Tomcat]
2025-09-12 01:31:32 [restartedMain] INFO  o.a.catalina.core.StandardEngine - Starting Servlet engine: [Apache Tomcat/10.1.44]
2025-09-12 01:31:32 [restartedMain] INFO  o.a.c.c.C.[Tomcat].[localhost].[/] - Initializing Spring embedded WebApplicationContext
2025-09-12 01:31:32 [restartedMain] INFO  o.s.b.w.s.c.ServletWebServerApplicationContext - Root WebApplicationContext: initialization completed in 1397 ms
2025-09-12 01:31:32 [restartedMain] ERROR o.s.b.w.e.tomcat.TomcatStarter - Error starting Tomcat context. Exception: org.springframework.beans.factory.UnsatisfiedDependencyException. Message: Error creating bean with name 'jwtAuthenticationFilter' defined in file [C:\Users\Roy\IdeaProjects\Zastra\backend\target\classes\com\zastra\zastra\infra\security\JwtAuthenticationFilter.class]: Unsatisfied dependency expressed through constructor parameter 1: Error creating bean with name 'userDetailsServiceImpl' defined in file [C:\Users\Roy\IdeaProjects\Zastra\backend\target\classes\com\zastra\zastra\infra\service\impl\UserDetailsServiceImpl.class]: Unsatisfied dependency expressed through constructor parameter 0: Error creating bean with name 'userRepository' defined in com.zastra.zastra.infra.repository.UserRepository defined in @EnableJpaRepositories declared on ZastraApplication: Cannot resolve reference to bean 'jpaSharedEM_entityManagerFactory' while setting bean property 'entityManager'
2025-09-12 01:31:32 [restartedMain] INFO  o.a.catalina.core.StandardService - Stopping service [Tomcat]
2025-09-12 01:31:32 [restartedMain] WARN  o.s.b.w.s.c.AnnotationConfigServletWebServerApplicationContext - Exception encountered during context initialization - cancelling refresh attempt: org.springframework.context.ApplicationContextException: Unable to start web server
2025-09-12 01:31:32 [restartedMain] INFO  o.s.b.a.l.ConditionEvaluationReportLogger - 

Error starting ApplicationContext. To display the condition evaluation report re-run your application with 'debug' enabled.
2025-09-12 01:31:32 [restartedMain] ERROR o.s.b.d.LoggingFailureAnalysisReporter - 

***************************
APPLICATION FAILED TO START
***************************

Description:

Parameter 0 of constructor in com.zastra.zastra.infra.service.impl.UserDetailsServiceImpl required a bean named 'entityManagerFactory' that could not be found.


Action:

Consider defining a bean named 'entityManagerFactory' in your configuration.

2025-09-12 01:38:29 [restartedMain] INFO  com.zastra.zastra.ZastraApplication - Starting ZastraApplication using Java 25 with PID 6584 (C:\Users\Roy\IdeaProjects\Zastra\backend\target\classes started by Afriani in C:\Users\Roy\IdeaProjects\zastra)
2025-09-12 01:38:29 [restartedMain] DEBUG com.zastra.zastra.ZastraApplication - Running with Spring Boot v3.5.5, Spring v6.2.10
2025-09-12 01:38:29 [restartedMain] INFO  com.zastra.zastra.ZastraApplication - The following 1 profile is active: "dev"
2025-09-12 01:38:29 [restartedMain] INFO  o.s.b.d.e.DevToolsPropertyDefaultsPostProcessor - Devtools property defaults active! Set 'spring.devtools.add-properties' to 'false' to disable
2025-09-12 01:38:29 [restartedMain] INFO  o.s.b.d.e.DevToolsPropertyDefaultsPostProcessor - For additional web related logging consider setting the 'logging.level.web' property to 'DEBUG'
2025-09-12 01:38:30 [restartedMain] INFO  o.s.d.r.c.RepositoryConfigurationDelegate - Bootstrapping Spring Data JPA repositories in DEFAULT mode.
2025-09-12 01:38:30 [restartedMain] INFO  o.s.d.r.c.RepositoryConfigurationDelegate - Finished Spring Data repository scanning in 29 ms. Found 1 JPA repository interface.
2025-09-12 01:38:30 [restartedMain] INFO  o.s.d.r.c.RepositoryConfigurationDelegate - Bootstrapping Spring Data JPA repositories in DEFAULT mode.
2025-09-12 01:38:30 [restartedMain] INFO  o.s.d.r.c.RepositoryConfigurationDelegate - Finished Spring Data repository scanning in 18 ms. Found 6 JPA repository interfaces.
2025-09-12 01:38:31 [restartedMain] INFO  o.s.b.w.e.tomcat.TomcatWebServer - Tomcat initialized with port 8080 (http)
2025-09-12 01:38:31 [restartedMain] INFO  o.a.catalina.core.StandardService - Starting service [Tomcat]
2025-09-12 01:38:31 [restartedMain] INFO  o.a.catalina.core.StandardEngine - Starting Servlet engine: [Apache Tomcat/10.1.44]
2025-09-12 01:38:31 [restartedMain] INFO  o.a.c.c.C.[Tomcat].[localhost].[/] - Initializing Spring embedded WebApplicationContext
2025-09-12 01:38:31 [restartedMain] INFO  o.s.b.w.s.c.ServletWebServerApplicationContext - Root WebApplicationContext: initialization completed in 1292 ms
2025-09-12 01:38:31 [restartedMain] ERROR o.s.b.w.e.tomcat.TomcatStarter - Error starting Tomcat context. Exception: org.springframework.beans.factory.UnsatisfiedDependencyException. Message: Error creating bean with name 'jwtAuthenticationFilter' defined in file [C:\Users\Roy\IdeaProjects\Zastra\backend\target\classes\com\zastra\zastra\infra\security\JwtAuthenticationFilter.class]: Unsatisfied dependency expressed through constructor parameter 1: Error creating bean with name 'userDetailsServiceImpl' defined in file [C:\Users\Roy\IdeaProjects\Zastra\backend\target\classes\com\zastra\zastra\infra\service\impl\UserDetailsServiceImpl.class]: Unsatisfied dependency expressed through constructor parameter 0: Error creating bean with name 'userRepository' defined in com.zastra.zastra.infra.repository.UserRepository defined in @EnableJpaRepositories declared on ZastraApplication: Cannot resolve reference to bean 'jpaSharedEM_entityManagerFactory' while setting bean property 'entityManager'
2025-09-12 01:38:31 [restartedMain] INFO  o.a.catalina.core.StandardService - Stopping service [Tomcat]
2025-09-12 01:38:31 [restartedMain] WARN  o.s.b.w.s.c.AnnotationConfigServletWebServerApplicationContext - Exception encountered during context initialization - cancelling refresh attempt: org.springframework.context.ApplicationContextException: Unable to start web server
2025-09-12 01:38:31 [restartedMain] INFO  o.s.b.a.l.ConditionEvaluationReportLogger - 

Error starting ApplicationContext. To display the condition evaluation report re-run your application with 'debug' enabled.
2025-09-12 01:38:31 [restartedMain] ERROR o.s.b.d.LoggingFailureAnalysisReporter - 

***************************
APPLICATION FAILED TO START
***************************

Description:

Parameter 0 of constructor in com.zastra.zastra.infra.service.impl.UserDetailsServiceImpl required a bean named 'entityManagerFactory' that could not be found.


Action:

Consider defining a bean named 'entityManagerFactory' in your configuration.

2025-09-12 01:43:34 [restartedMain] INFO  com.zastra.zastra.ZastraApplication - Starting ZastraApplication using Java 25 with PID 25680 (C:\Users\Roy\IdeaProjects\Zastra\backend\target\classes started by Afriani in C:\Users\Roy\IdeaProjects\zastra)
2025-09-12 01:43:34 [restartedMain] DEBUG com.zastra.zastra.ZastraApplication - Running with Spring Boot v3.5.5, Spring v6.2.10
2025-09-12 01:43:34 [restartedMain] INFO  com.zastra.zastra.ZastraApplication - The following 1 profile is active: "dev"
2025-09-12 01:43:34 [restartedMain] INFO  o.s.b.d.e.DevToolsPropertyDefaultsPostProcessor - Devtools property defaults active! Set 'spring.devtools.add-properties' to 'false' to disable
2025-09-12 01:43:34 [restartedMain] INFO  o.s.b.d.e.DevToolsPropertyDefaultsPostProcessor - For additional web related logging consider setting the 'logging.level.web' property to 'DEBUG'
2025-09-12 01:43:34 [restartedMain] INFO  o.s.d.r.c.RepositoryConfigurationDelegate - Bootstrapping Spring Data JPA repositories in DEFAULT mode.
2025-09-12 01:43:34 [restartedMain] INFO  o.s.d.r.c.RepositoryConfigurationDelegate - Finished Spring Data repository scanning in 32 ms. Found 1 JPA repository interface.
2025-09-12 01:43:35 [restartedMain] INFO  o.s.b.w.e.tomcat.TomcatWebServer - Tomcat initialized with port 8080 (http)
2025-09-12 01:43:35 [restartedMain] INFO  o.a.catalina.core.StandardService - Starting service [Tomcat]
2025-09-12 01:43:35 [restartedMain] INFO  o.a.catalina.core.StandardEngine - Starting Servlet engine: [Apache Tomcat/10.1.44]
2025-09-12 01:43:35 [restartedMain] INFO  o.a.c.c.C.[Tomcat].[localhost].[/] - Initializing Spring embedded WebApplicationContext
2025-09-12 01:43:35 [restartedMain] INFO  o.s.b.w.s.c.ServletWebServerApplicationContext - Root WebApplicationContext: initialization completed in 1344 ms
2025-09-12 01:43:35 [restartedMain] ERROR o.s.b.w.e.tomcat.TomcatStarter - Error starting Tomcat context. Exception: org.springframework.beans.factory.UnsatisfiedDependencyException. Message: Error creating bean with name 'jwtAuthenticationFilter' defined in file [C:\Users\Roy\IdeaProjects\Zastra\backend\target\classes\com\zastra\zastra\infra\security\JwtAuthenticationFilter.class]: Unsatisfied dependency expressed through constructor parameter 1: Error creating bean with name 'userDetailsServiceImpl' defined in file [C:\Users\Roy\IdeaProjects\Zastra\backend\target\classes\com\zastra\zastra\infra\service\impl\UserDetailsServiceImpl.class]: Unsatisfied dependency expressed through constructor parameter 0: No qualifying bean of type 'com.zastra.zastra.infra.repository.UserRepository' available: expected at least 1 bean which qualifies as autowire candidate. Dependency annotations: {}
2025-09-12 01:43:35 [restartedMain] INFO  o.a.catalina.core.StandardService - Stopping service [Tomcat]
2025-09-12 01:43:35 [restartedMain] WARN  o.s.b.w.s.c.AnnotationConfigServletWebServerApplicationContext - Exception encountered during context initialization - cancelling refresh attempt: org.springframework.context.ApplicationContextException: Unable to start web server
2025-09-12 01:43:35 [restartedMain] INFO  o.s.b.a.l.ConditionEvaluationReportLogger - 

Error starting ApplicationContext. To display the condition evaluation report re-run your application with 'debug' enabled.
2025-09-12 01:43:35 [restartedMain] ERROR o.s.b.d.LoggingFailureAnalysisReporter - 

***************************
APPLICATION FAILED TO START
***************************

Description:

Parameter 0 of constructor in com.zastra.zastra.infra.service.impl.UserDetailsServiceImpl required a bean of type 'com.zastra.zastra.infra.repository.UserRepository' that could not be found.


Action:

Consider defining a bean of type 'com.zastra.zastra.infra.repository.UserRepository' in your configuration.

2025-09-12 12:20:14 [restartedMain] INFO  com.zastra.zastra.ZastraApplication - Starting ZastraApplication using Java 25 with PID 13932 (C:\Users\Roy\IdeaProjects\Zastra\backend\target\classes started by Afriani in C:\Users\Roy\IdeaProjects\zastra)
2025-09-12 12:20:14 [restartedMain] DEBUG com.zastra.zastra.ZastraApplication - Running with Spring Boot v3.5.5, Spring v6.2.10
2025-09-12 12:20:14 [restartedMain] INFO  com.zastra.zastra.ZastraApplication - The following 1 profile is active: "dev"
2025-09-12 12:20:14 [restartedMain] INFO  o.s.b.d.e.DevToolsPropertyDefaultsPostProcessor - Devtools property defaults active! Set 'spring.devtools.add-properties' to 'false' to disable
2025-09-12 12:20:14 [restartedMain] INFO  o.s.b.d.e.DevToolsPropertyDefaultsPostProcessor - For additional web related logging consider setting the 'logging.level.web' property to 'DEBUG'
2025-09-12 12:20:14 [restartedMain] INFO  o.s.d.r.c.RepositoryConfigurationDelegate - Bootstrapping Spring Data JPA repositories in DEFAULT mode.
2025-09-12 12:20:15 [restartedMain] INFO  o.s.d.r.c.RepositoryConfigurationDelegate - Finished Spring Data repository scanning in 26 ms. Found 1 JPA repository interface.
2025-09-12 12:20:15 [restartedMain] INFO  o.s.b.w.e.tomcat.TomcatWebServer - Tomcat initialized with port 8080 (http)
2025-09-12 12:20:15 [restartedMain] INFO  o.a.catalina.core.StandardService - Starting service [Tomcat]
2025-09-12 12:20:15 [restartedMain] INFO  o.a.catalina.core.StandardEngine - Starting Servlet engine: [Apache Tomcat/10.1.44]
2025-09-12 12:20:15 [restartedMain] INFO  o.a.c.c.C.[Tomcat].[localhost].[/] - Initializing Spring embedded WebApplicationContext
2025-09-12 12:20:15 [restartedMain] INFO  o.s.b.w.s.c.ServletWebServerApplicationContext - Root WebApplicationContext: initialization completed in 1280 ms
2025-09-12 12:20:15 [restartedMain] ERROR o.s.b.w.e.tomcat.TomcatStarter - Error starting Tomcat context. Exception: org.springframework.beans.factory.UnsatisfiedDependencyException. Message: Error creating bean with name 'jwtAuthenticationFilter' defined in file [C:\Users\Roy\IdeaProjects\Zastra\backend\target\classes\com\zastra\zastra\infra\security\JwtAuthenticationFilter.class]: Unsatisfied dependency expressed through constructor parameter 1: Error creating bean with name 'userDetailsServiceImpl' defined in file [C:\Users\Roy\IdeaProjects\Zastra\backend\target\classes\com\zastra\zastra\infra\service\impl\UserDetailsServiceImpl.class]: Unsatisfied dependency expressed through constructor parameter 0: No qualifying bean of type 'com.zastra.zastra.infra.repository.UserRepository' available: expected at least 1 bean which qualifies as autowire candidate. Dependency annotations: {}
2025-09-12 12:20:15 [restartedMain] INFO  o.a.catalina.core.StandardService - Stopping service [Tomcat]
2025-09-12 12:20:15 [restartedMain] WARN  o.s.b.w.s.c.AnnotationConfigServletWebServerApplicationContext - Exception encountered during context initialization - cancelling refresh attempt: org.springframework.context.ApplicationContextException: Unable to start web server
2025-09-12 12:20:15 [restartedMain] INFO  o.s.b.a.l.ConditionEvaluationReportLogger - 

Error starting ApplicationContext. To display the condition evaluation report re-run your application with 'debug' enabled.
2025-09-12 12:20:15 [restartedMain] ERROR o.s.b.d.LoggingFailureAnalysisReporter - 

***************************
APPLICATION FAILED TO START
***************************

Description:

Parameter 0 of constructor in com.zastra.zastra.infra.service.impl.UserDetailsServiceImpl required a bean of type 'com.zastra.zastra.infra.repository.UserRepository' that could not be found.


Action:

Consider defining a bean of type 'com.zastra.zastra.infra.repository.UserRepository' in your configuration.

2025-09-12 14:19:43 [restartedMain] INFO  com.zastra.zastra.ZastraApplication - Starting ZastraApplication using Java 25 with PID 18016 (C:\Users\Roy\IdeaProjects\Zastra\backend\target\classes started by Afriani in C:\Users\Roy\IdeaProjects\zastra)
2025-09-12 14:19:43 [restartedMain] DEBUG com.zastra.zastra.ZastraApplication - Running with Spring Boot v3.5.5, Spring v6.2.10
2025-09-12 14:19:43 [restartedMain] INFO  com.zastra.zastra.ZastraApplication - The following 1 profile is active: "dev"
2025-09-12 14:19:43 [restartedMain] INFO  o.s.b.d.e.DevToolsPropertyDefaultsPostProcessor - Devtools property defaults active! Set 'spring.devtools.add-properties' to 'false' to disable
2025-09-12 14:19:43 [restartedMain] INFO  o.s.b.d.e.DevToolsPropertyDefaultsPostProcessor - For additional web related logging consider setting the 'logging.level.web' property to 'DEBUG'
2025-09-12 14:19:43 [restartedMain] INFO  o.s.d.r.c.RepositoryConfigurationDelegate - Bootstrapping Spring Data JPA repositories in DEFAULT mode.
2025-09-12 14:19:43 [restartedMain] INFO  o.s.d.r.c.RepositoryConfigurationDelegate - Finished Spring Data repository scanning in 25 ms. Found 1 JPA repository interface.
2025-09-12 14:19:44 [restartedMain] INFO  o.s.b.w.e.tomcat.TomcatWebServer - Tomcat initialized with port 8080 (http)
2025-09-12 14:19:44 [restartedMain] INFO  o.a.catalina.core.StandardService - Starting service [Tomcat]
2025-09-12 14:19:44 [restartedMain] INFO  o.a.catalina.core.StandardEngine - Starting Servlet engine: [Apache Tomcat/10.1.44]
2025-09-12 14:19:44 [restartedMain] INFO  o.a.c.c.C.[Tomcat].[localhost].[/] - Initializing Spring embedded WebApplicationContext
2025-09-12 14:19:44 [restartedMain] INFO  o.s.b.w.s.c.ServletWebServerApplicationContext - Root WebApplicationContext: initialization completed in 1363 ms
2025-09-12 14:19:44 [restartedMain] ERROR o.s.b.w.e.tomcat.TomcatStarter - Error starting Tomcat context. Exception: org.springframework.beans.factory.UnsatisfiedDependencyException. Message: Error creating bean with name 'jwtAuthenticationFilter' defined in file [C:\Users\Roy\IdeaProjects\Zastra\backend\target\classes\com\zastra\zastra\infra\security\JwtAuthenticationFilter.class]: Unsatisfied dependency expressed through constructor parameter 1: Error creating bean with name 'userDetailsServiceImpl' defined in file [C:\Users\Roy\IdeaProjects\Zastra\backend\target\classes\com\zastra\zastra\infra\service\impl\UserDetailsServiceImpl.class]: Unsatisfied dependency expressed through constructor parameter 0: No qualifying bean of type 'com.zastra.zastra.infra.repository.UserRepository' available: expected at least 1 bean which qualifies as autowire candidate. Dependency annotations: {}
2025-09-12 14:19:44 [restartedMain] INFO  o.a.catalina.core.StandardService - Stopping service [Tomcat]
2025-09-12 14:19:44 [restartedMain] WARN  o.s.b.w.s.c.AnnotationConfigServletWebServerApplicationContext - Exception encountered during context initialization - cancelling refresh attempt: org.springframework.context.ApplicationContextException: Unable to start web server
2025-09-12 14:19:44 [restartedMain] INFO  o.s.b.a.l.ConditionEvaluationReportLogger - 

Error starting ApplicationContext. To display the condition evaluation report re-run your application with 'debug' enabled.
2025-09-12 14:19:44 [restartedMain] ERROR o.s.b.d.LoggingFailureAnalysisReporter - 

***************************
APPLICATION FAILED TO START
***************************

Description:

Parameter 0 of constructor in com.zastra.zastra.infra.service.impl.UserDetailsServiceImpl required a bean of type 'com.zastra.zastra.infra.repository.UserRepository' that could not be found.


Action:

Consider defining a bean of type 'com.zastra.zastra.infra.repository.UserRepository' in your configuration.

2025-09-12 14:40:39 [restartedMain] INFO  com.zastra.zastra.ZastraApplication - Starting ZastraApplication using Java 25 with PID 12772 (C:\Users\Roy\IdeaProjects\Zastra\backend\target\classes started by Afriani in C:\Users\Roy\IdeaProjects\zastra)
2025-09-12 14:40:39 [restartedMain] DEBUG com.zastra.zastra.ZastraApplication - Running with Spring Boot v3.5.5, Spring v6.2.10
2025-09-12 14:40:39 [restartedMain] INFO  com.zastra.zastra.ZastraApplication - The following 1 profile is active: "dev"
2025-09-12 14:40:39 [restartedMain] INFO  o.s.b.d.e.DevToolsPropertyDefaultsPostProcessor - Devtools property defaults active! Set 'spring.devtools.add-properties' to 'false' to disable
2025-09-12 14:40:39 [restartedMain] INFO  o.s.b.d.e.DevToolsPropertyDefaultsPostProcessor - For additional web related logging consider setting the 'logging.level.web' property to 'DEBUG'
2025-09-12 14:40:40 [restartedMain] INFO  o.s.d.r.c.RepositoryConfigurationDelegate - Bootstrapping Spring Data JPA repositories in DEFAULT mode.
2025-09-12 14:40:40 [restartedMain] INFO  o.s.d.r.c.RepositoryConfigurationDelegate - Finished Spring Data repository scanning in 37 ms. Found 1 JPA repository interface.
2025-09-12 14:40:40 [restartedMain] INFO  o.s.d.r.c.RepositoryConfigurationDelegate - Bootstrapping Spring Data JPA repositories in DEFAULT mode.
2025-09-12 14:40:40 [restartedMain] INFO  o.s.d.r.c.RepositoryConfigurationDelegate - Finished Spring Data repository scanning in 26 ms. Found 6 JPA repository interfaces.
2025-09-12 14:40:40 [restartedMain] WARN  o.s.b.w.s.c.AnnotationConfigServletWebServerApplicationContext - Exception encountered during context initialization - cancelling refresh attempt: org.springframework.beans.factory.support.BeanDefinitionOverrideException: Invalid bean definition with name 'mediaDataSource' defined in class path resource [com/zastra/zastra/media/config/MediaDbConfig.class]: Cannot register bean definition [Root bean: class=null; scope=; abstract=false; lazyInit=null; autowireMode=3; dependencyCheck=0; autowireCandidate=true; primary=false; fallback=false; factoryBeanName=mediaDbConfig; factoryMethodName=mediaDataSource; initMethodNames=null; destroyMethodNames=[(inferred)]; defined in class path resource [com/zastra/zastra/media/config/MediaDbConfig.class]] for bean 'mediaDataSource' since there is already [Root bean: class=null; scope=; abstract=false; lazyInit=null; autowireMode=3; dependencyCheck=0; autowireCandidate=true; primary=false; fallback=false; factoryBeanName=mediaDataSourceConfig; factoryMethodName=mediaDataSource; initMethodNames=null; destroyMethodNames=[(inferred)]; defined in class path resource [com/zastra/zastra/infra/config/MediaDataSourceConfig.class]] bound.
2025-09-12 14:40:40 [restartedMain] INFO  o.s.b.a.l.ConditionEvaluationReportLogger - 

Error starting ApplicationContext. To display the condition evaluation report re-run your application with 'debug' enabled.
2025-09-12 14:40:40 [restartedMain] ERROR o.s.b.d.LoggingFailureAnalysisReporter - 

***************************
APPLICATION FAILED TO START
***************************

Description:

The bean 'mediaDataSource', defined in class path resource [com/zastra/zastra/media/config/MediaDbConfig.class], could not be registered. A bean with that name has already been defined in class path resource [com/zastra/zastra/infra/config/MediaDataSourceConfig.class] and overriding is disabled.

Action:

Consider renaming one of the beans or enabling overriding by setting spring.main.allow-bean-definition-overriding=true

